-------------------------------------------------------------------------------
Test set: sampleQueue.QueueTest
-------------------------------------------------------------------------------
Tests run: 14, Failures: 1, Errors: 0, Skipped: 1, Time elapsed: 0.066 s <<< FAILURE! - in sampleQueue.QueueTest
testEnqueue_maxlenghth  Time elapsed: 0.017 s  <<< FAILURE!
org.opentest4j.AssertionFailedError: expected: <3> but was: <4>
	at sampleQueue.QueueTest.testEnqueue_maxlenghth(QueueTest.java:165)

