<?xml version="1.0" encoding="UTF-8"?>
<testsuite xmlns:xsi="http://www.w3.org/2001/XMLSchema-instance" xsi:noNamespaceSchemaLocation="https://maven.apache.org/surefire/maven-surefire-plugin/xsd/surefire-test-report.xsd" name="sampleQueue.QueueTest" time="0.066" tests="14" errors="0" skipped="1" failures="1">
  <properties>
[...]
</properties>
  <testcase name="testTwoEnqueue" classname="sampleQueue.QueueTest" time="0.022"/>
  <testcase name="testToSring" classname="sampleQueue.QueueTest" time="0.001"/>
  <testcase name="testPeek" classname="sampleQueue.QueueTest" time="0"/>
  <testcase name="testSize" classname="sampleQueue.QueueTest" time="0"/>
  <testcase name="testEnqueue_maxlenghth" classname="sampleQueue.QueueTest" time="0.017">
    <failure message="expected: &lt;3&gt; but was: &lt;4&gt;" type="org.opentest4j.AssertionFailedError"><![CDATA[org.opentest4j.AssertionFailedError: expected: <3> but was: <4>
	at sampleQueue.QueueTest.testEnqueue_maxlenghth(QueueTest.java:165)
]]></failure>
  </testcase>
  <testcase name="isEmptyShouldGiveTrueOnQueueInit" classname="sampleQueue.QueueTest" time="0.001"/>
  <testcase name="testLenghth" classname="sampleQueue.QueueTest" time="0"/>
  <testcase name="isInstantiatedWithNew" classname="sampleQueue.QueueTest" time="0">
    <skipped message="void sampleQueue.QueueTest.isInstantiatedWithNew() is @Disabled"/>
  </testcase>
  <testcase name="testNoSuchElementException_dequene" classname="sampleQueue.QueueTest" time="0.003"/>
  <testcase name="testOneDequeue" classname="sampleQueue.QueueTest" time="0"/>
  <testcase name="testNoSuchElementException_peek" classname="sampleQueue.QueueTest" time="0.001"/>
  <testcase name="isEmptyShouldGiveFalseOnQueueInit" classname="sampleQueue.QueueTest" time="0.002"/>
  <testcase name="testRemoveAll" classname="sampleQueue.QueueTest" time="0.001"/>
  <testcase name="testOneEnqueue" classname="sampleQueue.QueueTest" time="0.001"/>
</testsuite>